2025-08-15 10:23:45,597 - pyiron_log - INFO - Assigning a channel with the label a to the io key add1139838738801312__a
2025-08-15 10:23:45,598 - pyiron_log - INFO - Assigning a channel with the label a to the io key add3139835949260944__a
2025-08-15 10:23:45,598 - pyiron_log - INFO - Assigning a channel with the label a to the io key add5__a
2025-08-15 10:23:45,598 - pyiron_log - INFO - Assigning a channel with the label a to the io key add6__a
2025-08-15 10:23:45,598 - pyiron_log - INFO - Assigning a channel with the label c to the io key macro139835949263200__c
2025-08-15 10:23:45,598 - pyiron_log - INFO - Assigning a channel with the label a to the io key add1139838738801312__a
2025-08-15 10:23:45,599 - pyiron_log - INFO - Assigning a channel with the label a to the io key add3139835949260944__a
2025-08-15 10:23:45,599 - pyiron_log - INFO - Assigning a channel with the label a to the io key add5__a
2025-08-15 10:23:45,599 - pyiron_log - INFO - Assigning a channel with the label a to the io key add6__a
2025-08-15 10:23:45,599 - pyiron_log - INFO - Assigning a channel with the label c to the io key macro139835949263200__c
2025-08-15 10:23:45,599 - pyiron_log - INFO - Assigning a channel with the label a to the io key add1139838738801312__a
2025-08-15 10:23:45,599 - pyiron_log - INFO - Assigning a channel with the label a to the io key add3139835949260944__a
2025-08-15 10:23:45,599 - pyiron_log - INFO - Assigning a channel with the label a to the io key add5__a
2025-08-15 10:23:45,599 - pyiron_log - INFO - Assigning a channel with the label a to the io key add6__a
2025-08-15 10:23:45,599 - pyiron_log - INFO - Assigning a channel with the label c to the io key macro139835949263200__c
2025-08-15 10:23:45,599 - pyiron_log - INFO - Assigning a channel with the label a to the io key add1139838738801312__a
2025-08-15 10:23:45,599 - pyiron_log - INFO - Assigning a channel with the label a to the io key add3139835949260944__a
2025-08-15 10:23:45,599 - pyiron_log - INFO - Assigning a channel with the label a to the io key add5__a
2025-08-15 10:23:45,599 - pyiron_log - INFO - Assigning a channel with the label a to the io key add6__a
2025-08-15 10:23:45,599 - pyiron_log - INFO - Assigning a channel with the label c to the io key macro139835949263200__c
2025-08-15 10:23:45,599 - pyiron_log - INFO - Assigning a channel with the label a to the io key add1139838738801312__a
2025-08-15 10:23:45,599 - pyiron_log - INFO - Assigning a channel with the label a to the io key add3139835949260944__a
2025-08-15 10:23:45,599 - pyiron_log - INFO - Assigning a channel with the label a to the io key add5__a
2025-08-15 10:23:45,599 - pyiron_log - INFO - Assigning a channel with the label a to the io key add6__a
2025-08-15 10:23:45,599 - pyiron_log - INFO - Assigning a channel with the label c to the io key macro139835949263200__c
2025-08-15 10:23:45,599 - pyiron_log - INFO - Assigning a channel with the label a to the io key add1139838738801312__a
2025-08-15 10:23:45,599 - pyiron_log - INFO - Assigning a channel with the label a to the io key add3139835949260944__a
2025-08-15 10:23:45,599 - pyiron_log - INFO - Assigning a channel with the label a to the io key add5__a
2025-08-15 10:23:45,599 - pyiron_log - INFO - Assigning a channel with the label a to the io key add6__a
2025-08-15 10:23:45,599 - pyiron_log - INFO - Assigning a channel with the label c to the io key macro139835949263200__c
2025-08-15 10:24:02,793 - pyiron_log - INFO - Assigning a channel with the label a to the io key add1139838738801312__a
2025-08-15 10:24:02,793 - pyiron_log - INFO - Assigning a channel with the label a to the io key add3139835949260944__a
2025-08-15 10:24:02,793 - pyiron_log - INFO - Assigning a channel with the label a to the io key add5__a
2025-08-15 10:24:02,793 - pyiron_log - INFO - Assigning a channel with the label a to the io key add6__a
2025-08-15 10:24:02,793 - pyiron_log - INFO - Assigning a channel with the label c to the io key macro139835949263200__c
2025-08-15 10:24:02,793 - pyiron_log - INFO - Assigning a channel with the label a to the io key add1139838738801312__a
2025-08-15 10:24:02,793 - pyiron_log - INFO - Assigning a channel with the label a to the io key add3139835949260944__a
2025-08-15 10:24:02,793 - pyiron_log - INFO - Assigning a channel with the label a to the io key add5__a
2025-08-15 10:24:02,793 - pyiron_log - INFO - Assigning a channel with the label a to the io key add6__a
2025-08-15 10:24:02,793 - pyiron_log - INFO - Assigning a channel with the label c to the io key macro139835949263200__c
2025-08-15 10:24:02,793 - pyiron_log - INFO - Assigning a channel with the label a to the io key add1139838738801312__a
2025-08-15 10:24:02,793 - pyiron_log - INFO - Assigning a channel with the label a to the io key add3139835949260944__a
2025-08-15 10:24:02,793 - pyiron_log - INFO - Assigning a channel with the label a to the io key add5__a
2025-08-15 10:24:02,793 - pyiron_log - INFO - Assigning a channel with the label a to the io key add6__a
2025-08-15 10:24:02,793 - pyiron_log - INFO - Assigning a channel with the label c to the io key macro139835949263200__c
2025-08-15 10:24:02,793 - pyiron_log - INFO - Assigning a channel with the label a to the io key add1139838738801312__a
2025-08-15 10:24:02,793 - pyiron_log - INFO - Assigning a channel with the label a to the io key add3139835949260944__a
2025-08-15 10:24:02,793 - pyiron_log - INFO - Assigning a channel with the label a to the io key add5__a
2025-08-15 10:24:02,793 - pyiron_log - INFO - Assigning a channel with the label a to the io key add6__a
2025-08-15 10:24:02,793 - pyiron_log - INFO - Assigning a channel with the label c to the io key macro139835949263200__c
2025-08-15 10:24:02,794 - pyiron_log - INFO - Assigning a channel with the label a to the io key add1139838738801312__a
2025-08-15 10:24:02,794 - pyiron_log - INFO - Assigning a channel with the label a to the io key add3139835949260944__a
2025-08-15 10:24:02,794 - pyiron_log - INFO - Assigning a channel with the label a to the io key add5__a
2025-08-15 10:24:02,794 - pyiron_log - INFO - Assigning a channel with the label a to the io key add6__a
2025-08-15 10:24:02,794 - pyiron_log - INFO - Assigning a channel with the label c to the io key macro139835949263200__c
2025-08-15 10:24:02,794 - pyiron_log - INFO - Assigning a channel with the label a to the io key add1139838738801312__a
2025-08-15 10:24:02,794 - pyiron_log - INFO - Assigning a channel with the label a to the io key add3139835949260944__a
2025-08-15 10:24:02,794 - pyiron_log - INFO - Assigning a channel with the label a to the io key add5__a
2025-08-15 10:24:02,794 - pyiron_log - INFO - Assigning a channel with the label a to the io key add6__a
2025-08-15 10:24:02,794 - pyiron_log - INFO - Assigning a channel with the label c to the io key macro139835949263200__c
2025-08-15 10:24:16,523 - pyiron_log - INFO - Assigning a channel with the label a to the io key add1139838738801312__a
2025-08-15 10:24:16,523 - pyiron_log - INFO - Assigning a channel with the label a to the io key add3139835949260944__a
2025-08-15 10:24:16,523 - pyiron_log - INFO - Assigning a channel with the label a to the io key add5__a
2025-08-15 10:24:16,523 - pyiron_log - INFO - Assigning a channel with the label a to the io key add6__a
2025-08-15 10:24:16,523 - pyiron_log - INFO - Assigning a channel with the label c to the io key macro139835949263200__c
2025-08-15 10:24:16,524 - pyiron_log - INFO - Assigning a channel with the label a to the io key add1139838738801312__a
2025-08-15 10:24:16,524 - pyiron_log - INFO - Assigning a channel with the label a to the io key add3139835949260944__a
2025-08-15 10:24:16,524 - pyiron_log - INFO - Assigning a channel with the label a to the io key add5__a
2025-08-15 10:24:16,524 - pyiron_log - INFO - Assigning a channel with the label a to the io key add6__a
2025-08-15 10:24:16,524 - pyiron_log - INFO - Assigning a channel with the label c to the io key macro139835949263200__c
2025-08-15 10:24:16,524 - pyiron_log - INFO - Assigning a channel with the label a to the io key add1139838738801312__a
2025-08-15 10:24:16,524 - pyiron_log - INFO - Assigning a channel with the label a to the io key add3139835949260944__a
2025-08-15 10:24:16,524 - pyiron_log - INFO - Assigning a channel with the label a to the io key add5__a
2025-08-15 10:24:16,524 - pyiron_log - INFO - Assigning a channel with the label a to the io key add6__a
2025-08-15 10:24:16,524 - pyiron_log - INFO - Assigning a channel with the label c to the io key macro139835949263200__c
2025-08-15 10:24:16,524 - pyiron_log - INFO - Assigning a channel with the label a to the io key add1139838738801312__a
2025-08-15 10:24:16,524 - pyiron_log - INFO - Assigning a channel with the label a to the io key add3139835949260944__a
2025-08-15 10:24:16,524 - pyiron_log - INFO - Assigning a channel with the label a to the io key add5__a
2025-08-15 10:24:16,524 - pyiron_log - INFO - Assigning a channel with the label a to the io key add6__a
2025-08-15 10:24:16,524 - pyiron_log - INFO - Assigning a channel with the label c to the io key macro139835949263200__c
2025-08-15 10:24:16,524 - pyiron_log - INFO - Assigning a channel with the label outp to the io key macro2__outp
2025-08-15 10:24:16,524 - pyiron_log - INFO - Assigning a channel with the label a+1 to the io key add4139835949731808__a+1
2025-08-15 10:25:25,803 - pyiron_log - INFO - Assigning a channel with the label a to the io key add1139838738801312__a
2025-08-15 10:25:25,803 - pyiron_log - INFO - Assigning a channel with the label a to the io key add3139835949260944__a
2025-08-15 10:25:25,803 - pyiron_log - INFO - Assigning a channel with the label a to the io key add5__a
2025-08-15 10:25:25,803 - pyiron_log - INFO - Assigning a channel with the label a to the io key add6__a
2025-08-15 10:25:25,803 - pyiron_log - INFO - Assigning a channel with the label c to the io key macro139835949263200__c
2025-08-15 10:25:25,804 - pyiron_log - INFO - Assigning a channel with the label a to the io key add1139838738801312__a
2025-08-15 10:25:25,804 - pyiron_log - INFO - Assigning a channel with the label a to the io key add3139835949260944__a
2025-08-15 10:25:25,804 - pyiron_log - INFO - Assigning a channel with the label a to the io key add5__a
2025-08-15 10:25:25,804 - pyiron_log - INFO - Assigning a channel with the label a to the io key add6__a
2025-08-15 10:25:25,804 - pyiron_log - INFO - Assigning a channel with the label c to the io key macro139835949263200__c
2025-08-15 10:25:25,804 - pyiron_log - INFO - Assigning a channel with the label a to the io key add1139838738801312__a
2025-08-15 10:25:25,804 - pyiron_log - INFO - Assigning a channel with the label a to the io key add3139835949260944__a
2025-08-15 10:25:25,804 - pyiron_log - INFO - Assigning a channel with the label a to the io key add5__a
2025-08-15 10:25:25,804 - pyiron_log - INFO - Assigning a channel with the label a to the io key add6__a
2025-08-15 10:25:25,804 - pyiron_log - INFO - Assigning a channel with the label c to the io key macro139835949263200__c
2025-08-15 10:25:25,804 - pyiron_log - INFO - Assigning a channel with the label a to the io key add1139838738801312__a
2025-08-15 10:25:25,804 - pyiron_log - INFO - Assigning a channel with the label a to the io key add3139835949260944__a
2025-08-15 10:25:25,804 - pyiron_log - INFO - Assigning a channel with the label a to the io key add5__a
2025-08-15 10:25:25,804 - pyiron_log - INFO - Assigning a channel with the label a to the io key add6__a
2025-08-15 10:25:25,804 - pyiron_log - INFO - Assigning a channel with the label c to the io key macro139835949263200__c
2025-08-15 10:25:25,804 - pyiron_log - INFO - Assigning a channel with the label outp to the io key macro2__outp
2025-08-15 10:25:25,804 - pyiron_log - INFO - Assigning a channel with the label a+1 to the io key add4139835949731808__a+1
2025-08-22 08:50:45,217 - pyiron_log - INFO - Assigning a channel with the label a to the io key add1140110891809728__a
2025-08-22 08:50:45,218 - pyiron_log - INFO - Assigning a channel with the label a to the io key add1140110891809728__a
2025-08-22 08:50:45,218 - pyiron_log - INFO - Assigning a channel with the label a to the io key add1140110891809728__a
2025-08-22 08:50:45,218 - pyiron_log - INFO - Assigning a channel with the label a to the io key add1140110891809728__a
2025-08-22 08:50:45,218 - pyiron_log - INFO - Assigning a channel with the label a to the io key add1140110891809728__a
2025-08-22 08:50:45,218 - pyiron_log - INFO - Assigning a channel with the label a to the io key add1140110891809728__a
2025-08-22 08:50:54,673 - pyiron_log - INFO - Assigning a channel with the label a to the io key add1140110891809728__a
2025-08-22 08:50:54,673 - pyiron_log - INFO - Assigning a channel with the label a to the io key add1140110891809728__a
2025-08-22 08:50:54,673 - pyiron_log - INFO - Assigning a channel with the label a to the io key add1140110891809728__a
2025-08-22 08:50:54,673 - pyiron_log - INFO - Assigning a channel with the label a to the io key add1140110891809728__a
2025-08-22 08:50:54,673 - pyiron_log - INFO - Assigning a channel with the label a to the io key add1140110891809728__a
2025-08-22 08:50:54,673 - pyiron_log - INFO - Assigning a channel with the label a to the io key add1140110891809728__a
2025-08-22 08:50:54,673 - pyiron_log - INFO - Assigning a channel with the label a+1 to the io key add2140110889804256__a+1
2025-08-22 08:51:57,823 - pyiron_log - INFO - Assigning a channel with the label a to the io key add1140715953179008__a
2025-08-22 08:51:57,824 - pyiron_log - INFO - Assigning a channel with the label a to the io key add3140715953545696__a
2025-08-22 08:51:57,824 - pyiron_log - INFO - Assigning a channel with the label a to the io key add5__a
2025-08-22 08:51:57,824 - pyiron_log - INFO - Assigning a channel with the label a to the io key add6__a
2025-08-22 08:51:57,824 - pyiron_log - INFO - Assigning a channel with the label c to the io key macro140715953548000__c
2025-08-22 08:51:57,824 - pyiron_log - INFO - Assigning a channel with the label a to the io key add1140715953179008__a
2025-08-22 08:51:57,824 - pyiron_log - INFO - Assigning a channel with the label a to the io key add3140715953545696__a
2025-08-22 08:51:57,824 - pyiron_log - INFO - Assigning a channel with the label a to the io key add5__a
2025-08-22 08:51:57,824 - pyiron_log - INFO - Assigning a channel with the label a to the io key add6__a
2025-08-22 08:51:57,824 - pyiron_log - INFO - Assigning a channel with the label c to the io key macro140715953548000__c
2025-08-22 08:51:57,824 - pyiron_log - INFO - Assigning a channel with the label a to the io key add1140715953179008__a
2025-08-22 08:51:57,824 - pyiron_log - INFO - Assigning a channel with the label a to the io key add3140715953545696__a
2025-08-22 08:51:57,824 - pyiron_log - INFO - Assigning a channel with the label a to the io key add5__a
2025-08-22 08:51:57,824 - pyiron_log - INFO - Assigning a channel with the label a to the io key add6__a
2025-08-22 08:51:57,824 - pyiron_log - INFO - Assigning a channel with the label c to the io key macro140715953548000__c
2025-08-22 08:51:57,824 - pyiron_log - INFO - Assigning a channel with the label a to the io key add1140715953179008__a
2025-08-22 08:51:57,824 - pyiron_log - INFO - Assigning a channel with the label a to the io key add3140715953545696__a
2025-08-22 08:51:57,824 - pyiron_log - INFO - Assigning a channel with the label a to the io key add5__a
2025-08-22 08:51:57,824 - pyiron_log - INFO - Assigning a channel with the label a to the io key add6__a
2025-08-22 08:51:57,824 - pyiron_log - INFO - Assigning a channel with the label c to the io key macro140715953548000__c
2025-08-22 08:51:57,824 - pyiron_log - INFO - Assigning a channel with the label a to the io key add1140715953179008__a
2025-08-22 08:51:57,824 - pyiron_log - INFO - Assigning a channel with the label a to the io key add3140715953545696__a
2025-08-22 08:51:57,824 - pyiron_log - INFO - Assigning a channel with the label a to the io key add5__a
2025-08-22 08:51:57,825 - pyiron_log - INFO - Assigning a channel with the label a to the io key add6__a
2025-08-22 08:51:57,825 - pyiron_log - INFO - Assigning a channel with the label c to the io key macro140715953548000__c
2025-08-22 08:51:57,825 - pyiron_log - INFO - Assigning a channel with the label a to the io key add1140715953179008__a
2025-08-22 08:51:57,825 - pyiron_log - INFO - Assigning a channel with the label a to the io key add3140715953545696__a
2025-08-22 08:51:57,826 - pyiron_log - INFO - Assigning a channel with the label a to the io key add5__a
2025-08-22 08:51:57,826 - pyiron_log - INFO - Assigning a channel with the label a to the io key add6__a
2025-08-22 08:51:57,826 - pyiron_log - INFO - Assigning a channel with the label c to the io key macro140715953548000__c
2025-08-22 08:51:57,826 - pyiron_log - INFO - Assigning a channel with the label outp to the io key macro2__outp
2025-08-22 08:51:57,826 - pyiron_log - INFO - Assigning a channel with the label a+1 to the io key add4140718609390704__a+1
2025-08-22 08:52:48,672 - pyiron_log - INFO - Assigning a channel with the label a to the io key add1140316988927216__a
2025-08-22 08:52:48,673 - pyiron_log - INFO - Assigning a channel with the label a to the io key add3140313986261136__a
2025-08-22 08:52:48,673 - pyiron_log - INFO - Assigning a channel with the label a to the io key add5__a
2025-08-22 08:52:48,673 - pyiron_log - INFO - Assigning a channel with the label a to the io key add6__a
2025-08-22 08:52:48,673 - pyiron_log - INFO - Assigning a channel with the label c to the io key macro140313986263344__c
2025-08-22 08:52:48,673 - pyiron_log - INFO - Assigning a channel with the label a to the io key add1140316988927216__a
2025-08-22 08:52:48,673 - pyiron_log - INFO - Assigning a channel with the label a to the io key add3140313986261136__a
2025-08-22 08:52:48,673 - pyiron_log - INFO - Assigning a channel with the label a to the io key add5__a
2025-08-22 08:52:48,673 - pyiron_log - INFO - Assigning a channel with the label a to the io key add6__a
2025-08-22 08:52:48,673 - pyiron_log - INFO - Assigning a channel with the label c to the io key macro140313986263344__c
2025-08-22 08:52:48,673 - pyiron_log - INFO - Assigning a channel with the label a to the io key add1140316988927216__a
2025-08-22 08:52:48,673 - pyiron_log - INFO - Assigning a channel with the label a to the io key add3140313986261136__a
2025-08-22 08:52:48,673 - pyiron_log - INFO - Assigning a channel with the label a to the io key add5__a
2025-08-22 08:52:48,673 - pyiron_log - INFO - Assigning a channel with the label a to the io key add6__a
2025-08-22 08:52:48,673 - pyiron_log - INFO - Assigning a channel with the label c to the io key macro140313986263344__c
2025-08-22 08:52:48,673 - pyiron_log - INFO - Assigning a channel with the label a to the io key add1140316988927216__a
2025-08-22 08:52:48,673 - pyiron_log - INFO - Assigning a channel with the label a to the io key add3140313986261136__a
2025-08-22 08:52:48,673 - pyiron_log - INFO - Assigning a channel with the label a to the io key add5__a
2025-08-22 08:52:48,673 - pyiron_log - INFO - Assigning a channel with the label a to the io key add6__a
2025-08-22 08:52:48,673 - pyiron_log - INFO - Assigning a channel with the label c to the io key macro140313986263344__c
2025-08-22 08:52:48,673 - pyiron_log - INFO - Assigning a channel with the label a to the io key add1140316988927216__a
2025-08-22 08:52:48,673 - pyiron_log - INFO - Assigning a channel with the label a to the io key add3140313986261136__a
2025-08-22 08:52:48,673 - pyiron_log - INFO - Assigning a channel with the label a to the io key add5__a
2025-08-22 08:52:48,673 - pyiron_log - INFO - Assigning a channel with the label a to the io key add6__a
2025-08-22 08:52:48,673 - pyiron_log - INFO - Assigning a channel with the label c to the io key macro140313986263344__c
2025-08-22 08:52:48,673 - pyiron_log - INFO - Assigning a channel with the label a to the io key add1140316988927216__a
2025-08-22 08:52:48,673 - pyiron_log - INFO - Assigning a channel with the label a to the io key add3140313986261136__a
2025-08-22 08:52:48,673 - pyiron_log - INFO - Assigning a channel with the label a to the io key add5__a
2025-08-22 08:52:48,674 - pyiron_log - INFO - Assigning a channel with the label a to the io key add6__a
2025-08-22 08:52:48,674 - pyiron_log - INFO - Assigning a channel with the label c to the io key macro140313986263344__c
2025-08-22 08:52:48,674 - pyiron_log - INFO - Assigning a channel with the label outp to the io key macro2__outp
2025-08-22 08:52:48,674 - pyiron_log - INFO - Assigning a channel with the label a+1 to the io key add4__a+1
2025-08-22 08:52:52,878 - pyiron_log - INFO - Assigning a channel with the label a to the io key add1140316988927216__a
2025-08-22 08:52:52,879 - pyiron_log - INFO - Assigning a channel with the label a to the io key add3140313986261136__a
2025-08-22 08:52:52,879 - pyiron_log - INFO - Assigning a channel with the label a to the io key add5__a
2025-08-22 08:52:52,879 - pyiron_log - INFO - Assigning a channel with the label a to the io key add6__a
2025-08-22 08:52:52,879 - pyiron_log - INFO - Assigning a channel with the label c to the io key macro140313986263344__c
2025-08-22 08:52:52,879 - pyiron_log - INFO - Assigning a channel with the label a to the io key add1140316988927216__a
2025-08-22 08:52:52,879 - pyiron_log - INFO - Assigning a channel with the label a to the io key add3140313986261136__a
2025-08-22 08:52:52,879 - pyiron_log - INFO - Assigning a channel with the label a to the io key add5__a
2025-08-22 08:52:52,879 - pyiron_log - INFO - Assigning a channel with the label a to the io key add6__a
2025-08-22 08:52:52,879 - pyiron_log - INFO - Assigning a channel with the label c to the io key macro140313986263344__c
2025-08-22 08:52:52,879 - pyiron_log - INFO - Assigning a channel with the label a to the io key add1140316988927216__a
2025-08-22 08:52:52,879 - pyiron_log - INFO - Assigning a channel with the label a to the io key add3140313986261136__a
2025-08-22 08:52:52,879 - pyiron_log - INFO - Assigning a channel with the label a to the io key add5__a
2025-08-22 08:52:52,879 - pyiron_log - INFO - Assigning a channel with the label a to the io key add6__a
2025-08-22 08:52:52,879 - pyiron_log - INFO - Assigning a channel with the label c to the io key macro140313986263344__c
2025-08-22 08:52:52,879 - pyiron_log - INFO - Assigning a channel with the label a to the io key add1140316988927216__a
2025-08-22 08:52:52,879 - pyiron_log - INFO - Assigning a channel with the label a to the io key add3140313986261136__a
2025-08-22 08:52:52,879 - pyiron_log - INFO - Assigning a channel with the label a to the io key add5__a
2025-08-22 08:52:52,879 - pyiron_log - INFO - Assigning a channel with the label a to the io key add6__a
2025-08-22 08:52:52,879 - pyiron_log - INFO - Assigning a channel with the label c to the io key macro140313986263344__c
2025-08-22 08:52:52,879 - pyiron_log - INFO - Assigning a channel with the label outp to the io key macro2__outp
2025-08-22 08:52:52,880 - pyiron_log - INFO - Assigning a channel with the label a+1 to the io key add4140313986731856__a+1
2025-08-22 08:53:02,050 - pyiron_log - INFO - Assigning a channel with the label a to the io key add1140316988927216__a
2025-08-22 08:53:02,050 - pyiron_log - INFO - Assigning a channel with the label a to the io key add3140313986261136__a
2025-08-22 08:53:02,050 - pyiron_log - INFO - Assigning a channel with the label a to the io key add5__a
2025-08-22 08:53:02,050 - pyiron_log - INFO - Assigning a channel with the label a to the io key add6__a
2025-08-22 08:53:02,050 - pyiron_log - INFO - Assigning a channel with the label c to the io key macro140313986263344__c
2025-08-22 08:53:02,050 - pyiron_log - INFO - Assigning a channel with the label a to the io key add1140316988927216__a
2025-08-22 08:53:02,050 - pyiron_log - INFO - Assigning a channel with the label a to the io key add3140313986261136__a
2025-08-22 08:53:02,050 - pyiron_log - INFO - Assigning a channel with the label a to the io key add5__a
2025-08-22 08:53:02,050 - pyiron_log - INFO - Assigning a channel with the label a to the io key add6__a
2025-08-22 08:53:02,050 - pyiron_log - INFO - Assigning a channel with the label c to the io key macro140313986263344__c
2025-08-22 08:53:02,050 - pyiron_log - INFO - Assigning a channel with the label a to the io key add1140316988927216__a
2025-08-22 08:53:02,050 - pyiron_log - INFO - Assigning a channel with the label a to the io key add3140313986261136__a
2025-08-22 08:53:02,051 - pyiron_log - INFO - Assigning a channel with the label a to the io key add5__a
2025-08-22 08:53:02,051 - pyiron_log - INFO - Assigning a channel with the label a to the io key add6__a
2025-08-22 08:53:02,051 - pyiron_log - INFO - Assigning a channel with the label c to the io key macro140313986263344__c
2025-08-22 08:53:02,051 - pyiron_log - INFO - Assigning a channel with the label a to the io key add1140316988927216__a
2025-08-22 08:53:02,051 - pyiron_log - INFO - Assigning a channel with the label a to the io key add3140313986261136__a
2025-08-22 08:53:02,051 - pyiron_log - INFO - Assigning a channel with the label a to the io key add5__a
2025-08-22 08:53:02,051 - pyiron_log - INFO - Assigning a channel with the label a to the io key add6__a
2025-08-22 08:53:02,051 - pyiron_log - INFO - Assigning a channel with the label c to the io key macro140313986263344__c
2025-08-22 08:53:02,051 - pyiron_log - INFO - Assigning a channel with the label outp to the io key macro2__outp
2025-08-22 08:53:02,051 - pyiron_log - INFO - Assigning a channel with the label a+1 to the io key add4140313986731856__a+1
2025-08-22 08:56:03,351 - pyiron_log - INFO - Assigning a channel with the label a to the io key add1140185373003840__a
2025-08-22 08:56:03,351 - pyiron_log - INFO - Assigning a channel with the label a to the io key add3__a
2025-08-22 08:56:03,351 - pyiron_log - INFO - Assigning a channel with the label a to the io key add5__a
2025-08-22 08:56:03,351 - pyiron_log - INFO - Assigning a channel with the label a to the io key add6__a
2025-08-22 08:56:03,351 - pyiron_log - INFO - Assigning a channel with the label c to the io key macro__c
2025-08-22 08:56:03,352 - pyiron_log - INFO - Assigning a channel with the label a to the io key add1140185373003840__a
2025-08-22 08:56:03,352 - pyiron_log - INFO - Assigning a channel with the label a to the io key add3__a
2025-08-22 08:56:03,352 - pyiron_log - INFO - Assigning a channel with the label a to the io key add5__a
2025-08-22 08:56:03,352 - pyiron_log - INFO - Assigning a channel with the label a to the io key add6__a
2025-08-22 08:56:03,352 - pyiron_log - INFO - Assigning a channel with the label c to the io key macro__c
2025-08-22 08:56:03,352 - pyiron_log - INFO - Assigning a channel with the label a to the io key add1140185373003840__a
2025-08-22 08:56:03,352 - pyiron_log - INFO - Assigning a channel with the label a to the io key add3__a
2025-08-22 08:56:03,352 - pyiron_log - INFO - Assigning a channel with the label a to the io key add5__a
2025-08-22 08:56:03,352 - pyiron_log - INFO - Assigning a channel with the label a to the io key add6__a
2025-08-22 08:56:03,352 - pyiron_log - INFO - Assigning a channel with the label c to the io key macro__c
2025-08-22 08:56:03,352 - pyiron_log - INFO - Assigning a channel with the label a to the io key add1140185373003840__a
2025-08-22 08:56:03,352 - pyiron_log - INFO - Assigning a channel with the label a to the io key add3__a
2025-08-22 08:56:03,352 - pyiron_log - INFO - Assigning a channel with the label a to the io key add5__a
2025-08-22 08:56:03,352 - pyiron_log - INFO - Assigning a channel with the label a to the io key add6__a
2025-08-22 08:56:03,352 - pyiron_log - INFO - Assigning a channel with the label c to the io key macro__c
2025-08-22 08:56:03,352 - pyiron_log - INFO - Assigning a channel with the label a to the io key add1140185373003840__a
2025-08-22 08:56:03,352 - pyiron_log - INFO - Assigning a channel with the label a to the io key add3__a
2025-08-22 08:56:03,352 - pyiron_log - INFO - Assigning a channel with the label a to the io key add5__a
2025-08-22 08:56:03,352 - pyiron_log - INFO - Assigning a channel with the label a to the io key add6__a
2025-08-22 08:56:03,352 - pyiron_log - INFO - Assigning a channel with the label c to the io key macro__c
2025-08-22 08:56:03,352 - pyiron_log - INFO - Assigning a channel with the label a to the io key add1140185373003840__a
2025-08-22 08:56:03,352 - pyiron_log - INFO - Assigning a channel with the label a to the io key add3__a
2025-08-22 08:56:03,352 - pyiron_log - INFO - Assigning a channel with the label a to the io key add5__a
2025-08-22 08:56:03,352 - pyiron_log - INFO - Assigning a channel with the label a to the io key add6__a
2025-08-22 08:56:03,352 - pyiron_log - INFO - Assigning a channel with the label c to the io key macro__c
2025-08-22 08:56:03,352 - pyiron_log - INFO - Assigning a channel with the label outp to the io key macro2__outp
2025-08-22 08:56:03,352 - pyiron_log - INFO - Assigning a channel with the label a+1 to the io key add4__a+1
2025-08-22 08:56:11,218 - pyiron_log - INFO - Assigning a channel with the label a to the io key add1140185373003840__a
2025-08-22 08:56:11,218 - pyiron_log - INFO - Assigning a channel with the label a to the io key add3140185371025936__a
2025-08-22 08:56:11,218 - pyiron_log - INFO - Assigning a channel with the label a to the io key add5__a
2025-08-22 08:56:11,218 - pyiron_log - INFO - Assigning a channel with the label a to the io key add6__a
2025-08-22 08:56:11,218 - pyiron_log - INFO - Assigning a channel with the label c to the io key macro140185371028240__c
2025-08-22 08:56:11,218 - pyiron_log - INFO - Assigning a channel with the label a to the io key add1140185373003840__a
2025-08-22 08:56:11,219 - pyiron_log - INFO - Assigning a channel with the label a to the io key add3140185371025936__a
2025-08-22 08:56:11,219 - pyiron_log - INFO - Assigning a channel with the label a to the io key add5__a
2025-08-22 08:56:11,219 - pyiron_log - INFO - Assigning a channel with the label a to the io key add6__a
2025-08-22 08:56:11,219 - pyiron_log - INFO - Assigning a channel with the label c to the io key macro140185371028240__c
2025-08-22 08:56:11,219 - pyiron_log - INFO - Assigning a channel with the label a to the io key add1140185373003840__a
2025-08-22 08:56:11,219 - pyiron_log - INFO - Assigning a channel with the label a to the io key add3140185371025936__a
2025-08-22 08:56:11,219 - pyiron_log - INFO - Assigning a channel with the label a to the io key add5__a
2025-08-22 08:56:11,219 - pyiron_log - INFO - Assigning a channel with the label a to the io key add6__a
2025-08-22 08:56:11,219 - pyiron_log - INFO - Assigning a channel with the label c to the io key macro140185371028240__c
2025-08-22 08:56:11,219 - pyiron_log - INFO - Assigning a channel with the label a to the io key add1140185373003840__a
2025-08-22 08:56:11,219 - pyiron_log - INFO - Assigning a channel with the label a to the io key add3140185371025936__a
2025-08-22 08:56:11,219 - pyiron_log - INFO - Assigning a channel with the label a to the io key add5__a
2025-08-22 08:56:11,219 - pyiron_log - INFO - Assigning a channel with the label a to the io key add6__a
2025-08-22 08:56:11,219 - pyiron_log - INFO - Assigning a channel with the label c to the io key macro140185371028240__c
2025-08-22 08:56:11,219 - pyiron_log - INFO - Assigning a channel with the label a to the io key add1140185373003840__a
2025-08-22 08:56:11,219 - pyiron_log - INFO - Assigning a channel with the label a to the io key add3140185371025936__a
2025-08-22 08:56:11,219 - pyiron_log - INFO - Assigning a channel with the label a to the io key add5__a
2025-08-22 08:56:11,219 - pyiron_log - INFO - Assigning a channel with the label a to the io key add6__a
2025-08-22 08:56:11,219 - pyiron_log - INFO - Assigning a channel with the label c to the io key macro140185371028240__c
2025-08-22 08:56:11,219 - pyiron_log - INFO - Assigning a channel with the label a to the io key add1140185373003840__a
2025-08-22 08:56:11,219 - pyiron_log - INFO - Assigning a channel with the label a to the io key add3140185371025936__a
2025-08-22 08:56:11,219 - pyiron_log - INFO - Assigning a channel with the label a to the io key add5__a
2025-08-22 08:56:11,219 - pyiron_log - INFO - Assigning a channel with the label a to the io key add6__a
2025-08-22 08:56:11,219 - pyiron_log - INFO - Assigning a channel with the label c to the io key macro140185371028240__c
2025-08-22 08:56:11,219 - pyiron_log - INFO - Assigning a channel with the label outp to the io key macro2__outp
2025-08-22 08:56:11,220 - pyiron_log - INFO - Assigning a channel with the label a+1 to the io key add4__a+1
2025-08-22 08:56:18,479 - pyiron_log - INFO - Assigning a channel with the label a to the io key add1140185373003840__a
2025-08-22 08:56:18,479 - pyiron_log - INFO - Assigning a channel with the label a to the io key add3140185371025936__a
2025-08-22 08:56:18,479 - pyiron_log - INFO - Assigning a channel with the label a to the io key add5__a
2025-08-22 08:56:18,479 - pyiron_log - INFO - Assigning a channel with the label a to the io key add6__a
2025-08-22 08:56:18,479 - pyiron_log - INFO - Assigning a channel with the label c to the io key macro140185371028240__c
2025-08-22 08:56:18,479 - pyiron_log - INFO - Assigning a channel with the label a to the io key add1140185373003840__a
2025-08-22 08:56:18,479 - pyiron_log - INFO - Assigning a channel with the label a to the io key add3140185371025936__a
2025-08-22 08:56:18,479 - pyiron_log - INFO - Assigning a channel with the label a to the io key add5__a
2025-08-22 08:56:18,479 - pyiron_log - INFO - Assigning a channel with the label a to the io key add6__a
2025-08-22 08:56:18,479 - pyiron_log - INFO - Assigning a channel with the label c to the io key macro140185371028240__c
2025-08-22 08:56:18,479 - pyiron_log - INFO - Assigning a channel with the label a to the io key add1140185373003840__a
2025-08-22 08:56:18,479 - pyiron_log - INFO - Assigning a channel with the label a to the io key add3140185371025936__a
2025-08-22 08:56:18,479 - pyiron_log - INFO - Assigning a channel with the label a to the io key add5__a
2025-08-22 08:56:18,479 - pyiron_log - INFO - Assigning a channel with the label a to the io key add6__a
2025-08-22 08:56:18,479 - pyiron_log - INFO - Assigning a channel with the label c to the io key macro140185371028240__c
2025-08-22 08:56:18,479 - pyiron_log - INFO - Assigning a channel with the label a to the io key add1140185373003840__a
2025-08-22 08:56:18,479 - pyiron_log - INFO - Assigning a channel with the label a to the io key add3140185371025936__a
2025-08-22 08:56:18,479 - pyiron_log - INFO - Assigning a channel with the label a to the io key add5__a
2025-08-22 08:56:18,479 - pyiron_log - INFO - Assigning a channel with the label a to the io key add6__a
2025-08-22 08:56:18,479 - pyiron_log - INFO - Assigning a channel with the label c to the io key macro140185371028240__c
2025-08-22 08:56:18,479 - pyiron_log - INFO - Assigning a channel with the label outp to the io key macro2__outp
2025-08-22 08:56:18,479 - pyiron_log - INFO - Assigning a channel with the label a+1 to the io key add4140185371022000__a+1
2025-08-22 08:57:52,932 - pyiron_log - INFO - Assigning a channel with the label a to the io key add1140705913538272__a
2025-08-22 08:57:52,932 - pyiron_log - INFO - Assigning a channel with the label a to the io key add3140705886576736__a
2025-08-22 08:57:52,932 - pyiron_log - INFO - Assigning a channel with the label a to the io key add5__a
2025-08-22 08:57:52,932 - pyiron_log - INFO - Assigning a channel with the label a to the io key add6__a
2025-08-22 08:57:52,932 - pyiron_log - INFO - Assigning a channel with the label c to the io key macro140705886578992__c
2025-08-22 08:57:52,932 - pyiron_log - INFO - Assigning a channel with the label a to the io key add1140705913538272__a
2025-08-22 08:57:52,932 - pyiron_log - INFO - Assigning a channel with the label a to the io key add3140705886576736__a
2025-08-22 08:57:52,932 - pyiron_log - INFO - Assigning a channel with the label a to the io key add5__a
2025-08-22 08:57:52,932 - pyiron_log - INFO - Assigning a channel with the label a to the io key add6__a
2025-08-22 08:57:52,932 - pyiron_log - INFO - Assigning a channel with the label c to the io key macro140705886578992__c
2025-08-22 08:57:52,932 - pyiron_log - INFO - Assigning a channel with the label a to the io key add1140705913538272__a
2025-08-22 08:57:52,932 - pyiron_log - INFO - Assigning a channel with the label a to the io key add3140705886576736__a
2025-08-22 08:57:52,932 - pyiron_log - INFO - Assigning a channel with the label a to the io key add5__a
2025-08-22 08:57:52,932 - pyiron_log - INFO - Assigning a channel with the label a to the io key add6__a
2025-08-22 08:57:52,933 - pyiron_log - INFO - Assigning a channel with the label c to the io key macro140705886578992__c
2025-08-22 08:57:52,933 - pyiron_log - INFO - Assigning a channel with the label a to the io key add1140705913538272__a
2025-08-22 08:57:52,933 - pyiron_log - INFO - Assigning a channel with the label a to the io key add3140705886576736__a
2025-08-22 08:57:52,933 - pyiron_log - INFO - Assigning a channel with the label a to the io key add5__a
2025-08-22 08:57:52,933 - pyiron_log - INFO - Assigning a channel with the label a to the io key add6__a
2025-08-22 08:57:52,933 - pyiron_log - INFO - Assigning a channel with the label c to the io key macro140705886578992__c
2025-08-22 08:57:52,933 - pyiron_log - INFO - Assigning a channel with the label a to the io key add1140705913538272__a
2025-08-22 08:57:52,933 - pyiron_log - INFO - Assigning a channel with the label a to the io key add3140705886576736__a
2025-08-22 08:57:52,933 - pyiron_log - INFO - Assigning a channel with the label a to the io key add5__a
2025-08-22 08:57:52,933 - pyiron_log - INFO - Assigning a channel with the label a to the io key add6__a
2025-08-22 08:57:52,933 - pyiron_log - INFO - Assigning a channel with the label c to the io key macro140705886578992__c
2025-08-22 08:57:52,933 - pyiron_log - INFO - Assigning a channel with the label a to the io key add1140705913538272__a
2025-08-22 08:57:52,933 - pyiron_log - INFO - Assigning a channel with the label a to the io key add3140705886576736__a
2025-08-22 08:57:52,933 - pyiron_log - INFO - Assigning a channel with the label a to the io key add5__a
2025-08-22 08:57:52,933 - pyiron_log - INFO - Assigning a channel with the label a to the io key add6__a
2025-08-22 08:57:52,933 - pyiron_log - INFO - Assigning a channel with the label c to the io key macro140705886578992__c
2025-08-22 08:57:52,933 - pyiron_log - INFO - Assigning a channel with the label outp to the io key macro2__outp
2025-08-22 08:57:52,933 - pyiron_log - INFO - Assigning a channel with the label a+1 to the io key add4140705887063216__a+1
2025-08-22 08:58:06,755 - pyiron_log - INFO - Assigning a channel with the label a to the io key add1140705913538272__a
2025-08-22 08:58:06,755 - pyiron_log - INFO - Assigning a channel with the label a to the io key add3140705886576736__a
2025-08-22 08:58:06,755 - pyiron_log - INFO - Assigning a channel with the label a to the io key add5__a
2025-08-22 08:58:06,756 - pyiron_log - INFO - Assigning a channel with the label a to the io key add6__a
2025-08-22 08:58:06,756 - pyiron_log - INFO - Assigning a channel with the label c to the io key macro140705886578992__c
2025-08-22 08:58:06,756 - pyiron_log - INFO - Assigning a channel with the label a to the io key add1140705913538272__a
2025-08-22 08:58:06,756 - pyiron_log - INFO - Assigning a channel with the label a to the io key add3140705886576736__a
2025-08-22 08:58:06,756 - pyiron_log - INFO - Assigning a channel with the label a to the io key add5__a
2025-08-22 08:58:06,756 - pyiron_log - INFO - Assigning a channel with the label a to the io key add6__a
2025-08-22 08:58:06,756 - pyiron_log - INFO - Assigning a channel with the label c to the io key macro140705886578992__c
2025-08-22 08:58:06,756 - pyiron_log - INFO - Assigning a channel with the label a to the io key add1140705913538272__a
2025-08-22 08:58:06,756 - pyiron_log - INFO - Assigning a channel with the label a to the io key add3140705886576736__a
2025-08-22 08:58:06,756 - pyiron_log - INFO - Assigning a channel with the label a to the io key add5__a
2025-08-22 08:58:06,756 - pyiron_log - INFO - Assigning a channel with the label a to the io key add6__a
2025-08-22 08:58:06,756 - pyiron_log - INFO - Assigning a channel with the label c to the io key macro140705886578992__c
2025-08-22 08:58:06,756 - pyiron_log - INFO - Assigning a channel with the label a to the io key add1140705913538272__a
2025-08-22 08:58:06,756 - pyiron_log - INFO - Assigning a channel with the label a to the io key add3140705886576736__a
2025-08-22 08:58:06,757 - pyiron_log - INFO - Assigning a channel with the label a to the io key add5__a
2025-08-22 08:58:06,757 - pyiron_log - INFO - Assigning a channel with the label a to the io key add6__a
2025-08-22 08:58:06,757 - pyiron_log - INFO - Assigning a channel with the label c to the io key macro140705886578992__c
2025-08-22 08:58:06,757 - pyiron_log - INFO - Assigning a channel with the label outp to the io key macro2__outp
2025-08-22 08:58:06,757 - pyiron_log - INFO - Assigning a channel with the label a+1 to the io key add4140705887063216__a+1
2025-08-22 08:58:37,229 - pyiron_log - INFO - Assigning a channel with the label a to the io key add1140644494769904__a
2025-08-22 08:58:37,229 - pyiron_log - INFO - Assigning a channel with the label a to the io key add3140644492779232__a
2025-08-22 08:58:37,229 - pyiron_log - INFO - Assigning a channel with the label a to the io key add5__a
2025-08-22 08:58:37,229 - pyiron_log - INFO - Assigning a channel with the label a to the io key add6__a
2025-08-22 08:58:37,229 - pyiron_log - INFO - Assigning a channel with the label c to the io key macro140644492781584__c
2025-08-22 08:58:37,229 - pyiron_log - INFO - Assigning a channel with the label a to the io key add1140644494769904__a
2025-08-22 08:58:37,229 - pyiron_log - INFO - Assigning a channel with the label a to the io key add3140644492779232__a
2025-08-22 08:58:37,229 - pyiron_log - INFO - Assigning a channel with the label a to the io key add5__a
2025-08-22 08:58:37,229 - pyiron_log - INFO - Assigning a channel with the label a to the io key add6__a
2025-08-22 08:58:37,229 - pyiron_log - INFO - Assigning a channel with the label c to the io key macro140644492781584__c
2025-08-22 08:58:37,229 - pyiron_log - INFO - Assigning a channel with the label a to the io key add1140644494769904__a
2025-08-22 08:58:37,229 - pyiron_log - INFO - Assigning a channel with the label a to the io key add3140644492779232__a
2025-08-22 08:58:37,229 - pyiron_log - INFO - Assigning a channel with the label a to the io key add5__a
2025-08-22 08:58:37,229 - pyiron_log - INFO - Assigning a channel with the label a to the io key add6__a
2025-08-22 08:58:37,229 - pyiron_log - INFO - Assigning a channel with the label c to the io key macro140644492781584__c
2025-08-22 08:58:37,229 - pyiron_log - INFO - Assigning a channel with the label a to the io key add1140644494769904__a
2025-08-22 08:58:37,229 - pyiron_log - INFO - Assigning a channel with the label a to the io key add3140644492779232__a
2025-08-22 08:58:37,229 - pyiron_log - INFO - Assigning a channel with the label a to the io key add5__a
2025-08-22 08:58:37,230 - pyiron_log - INFO - Assigning a channel with the label a to the io key add6__a
2025-08-22 08:58:37,230 - pyiron_log - INFO - Assigning a channel with the label c to the io key macro140644492781584__c
2025-08-22 08:58:37,230 - pyiron_log - INFO - Assigning a channel with the label a to the io key add1140644494769904__a
2025-08-22 08:58:37,230 - pyiron_log - INFO - Assigning a channel with the label a to the io key add3140644492779232__a
2025-08-22 08:58:37,230 - pyiron_log - INFO - Assigning a channel with the label a to the io key add5__a
2025-08-22 08:58:37,230 - pyiron_log - INFO - Assigning a channel with the label a to the io key add6__a
2025-08-22 08:58:37,230 - pyiron_log - INFO - Assigning a channel with the label c to the io key macro140644492781584__c
2025-08-22 08:58:37,230 - pyiron_log - INFO - Assigning a channel with the label a to the io key add1140644494769904__a
2025-08-22 08:58:37,230 - pyiron_log - INFO - Assigning a channel with the label a to the io key add3140644492779232__a
2025-08-22 08:58:37,230 - pyiron_log - INFO - Assigning a channel with the label a to the io key add5__a
2025-08-22 08:58:37,230 - pyiron_log - INFO - Assigning a channel with the label a to the io key add6__a
2025-08-22 08:58:37,230 - pyiron_log - INFO - Assigning a channel with the label c to the io key macro140644492781584__c
2025-08-22 08:58:37,230 - pyiron_log - INFO - Assigning a channel with the label outp to the io key macro2__outp
2025-08-22 08:58:37,230 - pyiron_log - INFO - Assigning a channel with the label a+1 to the io key add4140644493266144__a+1
2025-08-22 09:49:17,256 - pyiron_log - INFO - Assigning a channel with the label a to the io key add1140309891218416__a
2025-08-22 09:49:17,256 - pyiron_log - INFO - Assigning a channel with the label a to the io key add3140309889229808__a
2025-08-22 09:49:17,256 - pyiron_log - INFO - Assigning a channel with the label a to the io key add5__a
2025-08-22 09:49:17,256 - pyiron_log - INFO - Assigning a channel with the label a to the io key add6__a
2025-08-22 09:49:17,256 - pyiron_log - INFO - Assigning a channel with the label c to the io key macro140309889232160__c
2025-08-22 09:49:17,256 - pyiron_log - INFO - Assigning a channel with the label a to the io key add1140309891218416__a
2025-08-22 09:49:17,256 - pyiron_log - INFO - Assigning a channel with the label a to the io key add3140309889229808__a
2025-08-22 09:49:17,256 - pyiron_log - INFO - Assigning a channel with the label a to the io key add5__a
2025-08-22 09:49:17,256 - pyiron_log - INFO - Assigning a channel with the label a to the io key add6__a
2025-08-22 09:49:17,256 - pyiron_log - INFO - Assigning a channel with the label c to the io key macro140309889232160__c
2025-08-22 09:49:17,256 - pyiron_log - INFO - Assigning a channel with the label a to the io key add1140309891218416__a
2025-08-22 09:49:17,256 - pyiron_log - INFO - Assigning a channel with the label a to the io key add3140309889229808__a
2025-08-22 09:49:17,256 - pyiron_log - INFO - Assigning a channel with the label a to the io key add5__a
2025-08-22 09:49:17,256 - pyiron_log - INFO - Assigning a channel with the label a to the io key add6__a
2025-08-22 09:49:17,256 - pyiron_log - INFO - Assigning a channel with the label c to the io key macro140309889232160__c
2025-08-22 09:49:17,256 - pyiron_log - INFO - Assigning a channel with the label a to the io key add1140309891218416__a
2025-08-22 09:49:17,256 - pyiron_log - INFO - Assigning a channel with the label a to the io key add3140309889229808__a
2025-08-22 09:49:17,256 - pyiron_log - INFO - Assigning a channel with the label a to the io key add5__a
2025-08-22 09:49:17,256 - pyiron_log - INFO - Assigning a channel with the label a to the io key add6__a
2025-08-22 09:49:17,256 - pyiron_log - INFO - Assigning a channel with the label c to the io key macro140309889232160__c
2025-08-22 09:49:17,256 - pyiron_log - INFO - Assigning a channel with the label a to the io key add1140309891218416__a
2025-08-22 09:49:17,256 - pyiron_log - INFO - Assigning a channel with the label a to the io key add3140309889229808__a
2025-08-22 09:49:17,256 - pyiron_log - INFO - Assigning a channel with the label a to the io key add5__a
2025-08-22 09:49:17,256 - pyiron_log - INFO - Assigning a channel with the label a to the io key add6__a
2025-08-22 09:49:17,257 - pyiron_log - INFO - Assigning a channel with the label c to the io key macro140309889232160__c
2025-08-22 09:49:17,257 - pyiron_log - INFO - Assigning a channel with the label a to the io key add1140309891218416__a
2025-08-22 09:49:17,257 - pyiron_log - INFO - Assigning a channel with the label a to the io key add3140309889229808__a
2025-08-22 09:49:17,257 - pyiron_log - INFO - Assigning a channel with the label a to the io key add5__a
2025-08-22 09:49:17,257 - pyiron_log - INFO - Assigning a channel with the label a to the io key add6__a
2025-08-22 09:49:17,257 - pyiron_log - INFO - Assigning a channel with the label c to the io key macro140309889232160__c
2025-08-22 09:50:57,020 - pyiron_log - INFO - Assigning a channel with the label a to the io key add1140240887813264__a
2025-08-22 09:50:57,021 - pyiron_log - INFO - Assigning a channel with the label a to the io key add3140237963584256__a
2025-08-22 09:50:57,021 - pyiron_log - INFO - Assigning a channel with the label a to the io key add5__a
2025-08-22 09:50:57,021 - pyiron_log - INFO - Assigning a channel with the label a to the io key add6__a
2025-08-22 09:50:57,022 - pyiron_log - INFO - Assigning a channel with the label c to the io key macro140237963586560__c
2025-08-22 09:50:57,022 - pyiron_log - INFO - Assigning a channel with the label a to the io key add1140240887813264__a
2025-08-22 09:50:57,022 - pyiron_log - INFO - Assigning a channel with the label a to the io key add3140237963584256__a
2025-08-22 09:50:57,022 - pyiron_log - INFO - Assigning a channel with the label a to the io key add5__a
2025-08-22 09:50:57,022 - pyiron_log - INFO - Assigning a channel with the label a to the io key add6__a
2025-08-22 09:50:57,022 - pyiron_log - INFO - Assigning a channel with the label c to the io key macro140237963586560__c
2025-08-22 09:50:57,022 - pyiron_log - INFO - Assigning a channel with the label a to the io key add1140240887813264__a
2025-08-22 09:50:57,022 - pyiron_log - INFO - Assigning a channel with the label a to the io key add3140237963584256__a
2025-08-22 09:50:57,022 - pyiron_log - INFO - Assigning a channel with the label a to the io key add5__a
2025-08-22 09:50:57,022 - pyiron_log - INFO - Assigning a channel with the label a to the io key add6__a
2025-08-22 09:50:57,022 - pyiron_log - INFO - Assigning a channel with the label c to the io key macro140237963586560__c
2025-08-22 09:50:57,023 - pyiron_log - INFO - Assigning a channel with the label a to the io key add1140240887813264__a
2025-08-22 09:50:57,023 - pyiron_log - INFO - Assigning a channel with the label a to the io key add3140237963584256__a
2025-08-22 09:50:57,023 - pyiron_log - INFO - Assigning a channel with the label a to the io key add5__a
2025-08-22 09:50:57,023 - pyiron_log - INFO - Assigning a channel with the label a to the io key add6__a
2025-08-22 09:50:57,023 - pyiron_log - INFO - Assigning a channel with the label c to the io key macro140237963586560__c
2025-08-22 09:50:57,023 - pyiron_log - INFO - Assigning a channel with the label a to the io key add1140240887813264__a
2025-08-22 09:50:57,023 - pyiron_log - INFO - Assigning a channel with the label a to the io key add3140237963584256__a
2025-08-22 09:50:57,023 - pyiron_log - INFO - Assigning a channel with the label a to the io key add5__a
2025-08-22 09:50:57,023 - pyiron_log - INFO - Assigning a channel with the label a to the io key add6__a
2025-08-22 09:50:57,023 - pyiron_log - INFO - Assigning a channel with the label c to the io key macro140237963586560__c
2025-08-22 09:50:57,023 - pyiron_log - INFO - Assigning a channel with the label a to the io key add1140240887813264__a
2025-08-22 09:50:57,023 - pyiron_log - INFO - Assigning a channel with the label a to the io key add3140237963584256__a
2025-08-22 09:50:57,023 - pyiron_log - INFO - Assigning a channel with the label a to the io key add5__a
2025-08-22 09:50:57,023 - pyiron_log - INFO - Assigning a channel with the label a to the io key add6__a
2025-08-22 09:50:57,023 - pyiron_log - INFO - Assigning a channel with the label c to the io key macro140237963586560__c
2025-08-22 09:50:57,024 - pyiron_log - INFO - Assigning a channel with the label outp to the io key macro2__outp
2025-08-22 09:50:57,024 - pyiron_log - INFO - Assigning a channel with the label a+1 to the io key add4140237964054832__a+1
2025-08-29 10:21:52,936 - pyiron_log - INFO - Assigning a channel with the label a to the io key add1140265120936880__a
2025-08-29 10:21:52,937 - pyiron_log - INFO - Assigning a channel with the label a to the io key add3140262197305536__a
2025-08-29 10:21:52,937 - pyiron_log - INFO - Assigning a channel with the label a to the io key add5__a
2025-08-29 10:21:52,937 - pyiron_log - INFO - Assigning a channel with the label a to the io key add6__a
2025-08-29 10:21:52,937 - pyiron_log - INFO - Assigning a channel with the label c to the io key macro140262197307792__c
2025-08-29 10:21:52,937 - pyiron_log - INFO - Assigning a channel with the label a to the io key add1140265120936880__a
2025-08-29 10:21:52,937 - pyiron_log - INFO - Assigning a channel with the label a to the io key add3140262197305536__a
2025-08-29 10:21:52,938 - pyiron_log - INFO - Assigning a channel with the label a to the io key add5__a
2025-08-29 10:21:52,938 - pyiron_log - INFO - Assigning a channel with the label a to the io key add6__a
2025-08-29 10:21:52,938 - pyiron_log - INFO - Assigning a channel with the label c to the io key macro140262197307792__c
2025-08-29 10:21:52,938 - pyiron_log - INFO - Assigning a channel with the label a to the io key add1140265120936880__a
2025-08-29 10:21:52,938 - pyiron_log - INFO - Assigning a channel with the label a to the io key add3140262197305536__a
2025-08-29 10:21:52,938 - pyiron_log - INFO - Assigning a channel with the label a to the io key add5__a
2025-08-29 10:21:52,938 - pyiron_log - INFO - Assigning a channel with the label a to the io key add6__a
2025-08-29 10:21:52,938 - pyiron_log - INFO - Assigning a channel with the label c to the io key macro140262197307792__c
2025-08-29 10:21:52,938 - pyiron_log - INFO - Assigning a channel with the label a to the io key add1140265120936880__a
2025-08-29 10:21:52,938 - pyiron_log - INFO - Assigning a channel with the label a to the io key add3140262197305536__a
2025-08-29 10:21:52,938 - pyiron_log - INFO - Assigning a channel with the label a to the io key add5__a
2025-08-29 10:21:52,938 - pyiron_log - INFO - Assigning a channel with the label a to the io key add6__a
2025-08-29 10:21:52,938 - pyiron_log - INFO - Assigning a channel with the label c to the io key macro140262197307792__c
2025-08-29 10:21:52,938 - pyiron_log - INFO - Assigning a channel with the label a to the io key add1140265120936880__a
2025-08-29 10:21:52,938 - pyiron_log - INFO - Assigning a channel with the label a to the io key add3140262197305536__a
2025-08-29 10:21:52,938 - pyiron_log - INFO - Assigning a channel with the label a to the io key add5__a
2025-08-29 10:21:52,938 - pyiron_log - INFO - Assigning a channel with the label a to the io key add6__a
2025-08-29 10:21:52,938 - pyiron_log - INFO - Assigning a channel with the label c to the io key macro140262197307792__c
2025-08-29 10:21:52,939 - pyiron_log - INFO - Assigning a channel with the label a to the io key add1140265120936880__a
2025-08-29 10:21:52,939 - pyiron_log - INFO - Assigning a channel with the label a to the io key add3140262197305536__a
2025-08-29 10:21:52,939 - pyiron_log - INFO - Assigning a channel with the label a to the io key add5__a
2025-08-29 10:21:52,939 - pyiron_log - INFO - Assigning a channel with the label a to the io key add6__a
2025-08-29 10:21:52,939 - pyiron_log - INFO - Assigning a channel with the label c to the io key macro140262197307792__c
2025-08-29 10:21:52,939 - pyiron_log - INFO - Assigning a channel with the label outp to the io key macro2__outp
2025-08-29 10:21:52,939 - pyiron_log - INFO - Assigning a channel with the label a+1 to the io key add4__a+1
2025-09-01 09:17:14,808 - pyiron_log - INFO - Assigning a channel with the label a to the io key add1140649545658304__a
2025-09-01 09:17:14,809 - pyiron_log - INFO - Assigning a channel with the label a to the io key add3140649545661712__a
2025-09-01 09:17:14,809 - pyiron_log - INFO - Assigning a channel with the label a to the io key add5__a
2025-09-01 09:17:14,809 - pyiron_log - INFO - Assigning a channel with the label a to the io key add6__a
2025-09-01 09:17:14,809 - pyiron_log - INFO - Assigning a channel with the label c to the io key macro140646755735728__c
2025-09-01 09:17:14,809 - pyiron_log - INFO - Assigning a channel with the label a to the io key add1140649545658304__a
2025-09-01 09:17:14,809 - pyiron_log - INFO - Assigning a channel with the label a to the io key add3140649545661712__a
2025-09-01 09:17:14,809 - pyiron_log - INFO - Assigning a channel with the label a to the io key add5__a
2025-09-01 09:17:14,809 - pyiron_log - INFO - Assigning a channel with the label a to the io key add6__a
2025-09-01 09:17:14,809 - pyiron_log - INFO - Assigning a channel with the label c to the io key macro140646755735728__c
2025-09-01 09:17:14,809 - pyiron_log - INFO - Assigning a channel with the label a to the io key add1140649545658304__a
2025-09-01 09:17:14,809 - pyiron_log - INFO - Assigning a channel with the label a to the io key add3140649545661712__a
2025-09-01 09:17:14,810 - pyiron_log - INFO - Assigning a channel with the label a to the io key add5__a
2025-09-01 09:17:14,810 - pyiron_log - INFO - Assigning a channel with the label a to the io key add6__a
2025-09-01 09:17:14,810 - pyiron_log - INFO - Assigning a channel with the label c to the io key macro140646755735728__c
2025-09-01 09:17:14,810 - pyiron_log - INFO - Assigning a channel with the label a to the io key add1140649545658304__a
2025-09-01 09:17:14,810 - pyiron_log - INFO - Assigning a channel with the label a to the io key add3140649545661712__a
2025-09-01 09:17:14,810 - pyiron_log - INFO - Assigning a channel with the label a to the io key add5__a
2025-09-01 09:17:14,810 - pyiron_log - INFO - Assigning a channel with the label a to the io key add6__a
2025-09-01 09:17:14,810 - pyiron_log - INFO - Assigning a channel with the label c to the io key macro140646755735728__c
2025-09-01 09:17:14,810 - pyiron_log - INFO - Assigning a channel with the label a to the io key add1140649545658304__a
2025-09-01 09:17:14,810 - pyiron_log - INFO - Assigning a channel with the label a to the io key add3140649545661712__a
2025-09-01 09:17:14,810 - pyiron_log - INFO - Assigning a channel with the label a to the io key add5__a
2025-09-01 09:17:14,810 - pyiron_log - INFO - Assigning a channel with the label a to the io key add6__a
2025-09-01 09:17:14,810 - pyiron_log - INFO - Assigning a channel with the label c to the io key macro140646755735728__c
2025-09-01 09:17:14,810 - pyiron_log - INFO - Assigning a channel with the label a to the io key add1140649545658304__a
2025-09-01 09:17:14,810 - pyiron_log - INFO - Assigning a channel with the label a to the io key add3140649545661712__a
2025-09-01 09:17:14,810 - pyiron_log - INFO - Assigning a channel with the label a to the io key add5__a
2025-09-01 09:17:14,810 - pyiron_log - INFO - Assigning a channel with the label a to the io key add6__a
2025-09-01 09:17:14,810 - pyiron_log - INFO - Assigning a channel with the label c to the io key macro140646755735728__c
2025-09-01 09:17:14,810 - pyiron_log - INFO - Assigning a channel with the label outp to the io key macro2__outp
2025-09-01 09:17:14,810 - pyiron_log - INFO - Assigning a channel with the label a+1 to the io key add4140649545658784__a+1
2025-09-01 09:18:50,270 - pyiron_log - INFO - Assigning a channel with the label a to the io key add1__a
2025-09-01 09:18:50,271 - pyiron_log - INFO - Assigning a channel with the label a to the io key add3__a
2025-09-01 09:18:50,271 - pyiron_log - INFO - Assigning a channel with the label a to the io key add5140586522826256__a
2025-09-01 09:18:50,271 - pyiron_log - INFO - Assigning a channel with the label a to the io key add6140586522826880__a
2025-09-01 09:18:50,271 - pyiron_log - INFO - Assigning a channel with the label c to the io key macro__c
2025-09-01 09:18:50,271 - pyiron_log - INFO - Assigning a channel with the label a to the io key add1__a
2025-09-01 09:18:50,271 - pyiron_log - INFO - Assigning a channel with the label a to the io key add3__a
2025-09-01 09:18:50,271 - pyiron_log - INFO - Assigning a channel with the label a to the io key add5140586522826256__a
2025-09-01 09:18:50,271 - pyiron_log - INFO - Assigning a channel with the label a to the io key add6140586522826880__a
2025-09-01 09:18:50,271 - pyiron_log - INFO - Assigning a channel with the label c to the io key macro__c
2025-09-01 09:18:50,271 - pyiron_log - INFO - Assigning a channel with the label a to the io key add1__a
2025-09-01 09:18:50,271 - pyiron_log - INFO - Assigning a channel with the label a to the io key add3__a
2025-09-01 09:18:50,271 - pyiron_log - INFO - Assigning a channel with the label a to the io key add5140586522826256__a
2025-09-01 09:18:50,271 - pyiron_log - INFO - Assigning a channel with the label a to the io key add6140586522826880__a
2025-09-01 09:18:50,271 - pyiron_log - INFO - Assigning a channel with the label c to the io key macro__c
2025-09-01 09:18:50,271 - pyiron_log - INFO - Assigning a channel with the label a to the io key add1__a
2025-09-01 09:18:50,271 - pyiron_log - INFO - Assigning a channel with the label a to the io key add3__a
2025-09-01 09:18:50,271 - pyiron_log - INFO - Assigning a channel with the label a to the io key add5140586522826256__a
2025-09-01 09:18:50,271 - pyiron_log - INFO - Assigning a channel with the label a to the io key add6140586522826880__a
2025-09-01 09:18:50,271 - pyiron_log - INFO - Assigning a channel with the label c to the io key macro__c
2025-09-01 09:18:50,271 - pyiron_log - INFO - Assigning a channel with the label a to the io key add1__a
2025-09-01 09:18:50,272 - pyiron_log - INFO - Assigning a channel with the label a to the io key add3__a
2025-09-01 09:18:50,272 - pyiron_log - INFO - Assigning a channel with the label a to the io key add5140586522826256__a
2025-09-01 09:18:50,272 - pyiron_log - INFO - Assigning a channel with the label a to the io key add6140586522826880__a
2025-09-01 09:18:50,272 - pyiron_log - INFO - Assigning a channel with the label c to the io key macro__c
2025-09-01 09:18:50,272 - pyiron_log - INFO - Assigning a channel with the label a to the io key add1__a
2025-09-01 09:18:50,272 - pyiron_log - INFO - Assigning a channel with the label a to the io key add3__a
2025-09-01 09:18:50,272 - pyiron_log - INFO - Assigning a channel with the label a to the io key add5140586522826256__a
2025-09-01 09:18:50,272 - pyiron_log - INFO - Assigning a channel with the label a to the io key add6140586522826880__a
2025-09-01 09:18:50,272 - pyiron_log - INFO - Assigning a channel with the label c to the io key macro__c
2025-09-01 09:18:50,272 - pyiron_log - INFO - Assigning a channel with the label outp to the io key macro2140586522832784__outp
2025-09-01 09:18:50,272 - pyiron_log - INFO - Assigning a channel with the label a+1 to the io key add4__a+1
2025-09-01 09:19:02,498 - pyiron_log - INFO - Assigning a channel with the label a to the io key add1140589514044720__a
2025-09-01 09:19:02,498 - pyiron_log - INFO - Assigning a channel with the label a to the io key add3140586522825248__a
2025-09-01 09:19:02,498 - pyiron_log - INFO - Assigning a channel with the label a to the io key add5__a
2025-09-01 09:19:02,498 - pyiron_log - INFO - Assigning a channel with the label a to the io key add6__a
2025-09-01 09:19:02,499 - pyiron_log - INFO - Assigning a channel with the label c to the io key macro140586522827552__c
2025-09-01 09:19:02,499 - pyiron_log - INFO - Assigning a channel with the label a to the io key add1140589514044720__a
2025-09-01 09:19:02,499 - pyiron_log - INFO - Assigning a channel with the label a to the io key add3140586522825248__a
2025-09-01 09:19:02,499 - pyiron_log - INFO - Assigning a channel with the label a to the io key add5__a
2025-09-01 09:19:02,499 - pyiron_log - INFO - Assigning a channel with the label a to the io key add6__a
2025-09-01 09:19:02,499 - pyiron_log - INFO - Assigning a channel with the label c to the io key macro140586522827552__c
2025-09-01 09:19:02,499 - pyiron_log - INFO - Assigning a channel with the label a to the io key add1140589514044720__a
2025-09-01 09:19:02,499 - pyiron_log - INFO - Assigning a channel with the label a to the io key add3140586522825248__a
2025-09-01 09:19:02,499 - pyiron_log - INFO - Assigning a channel with the label a to the io key add5__a
2025-09-01 09:19:02,499 - pyiron_log - INFO - Assigning a channel with the label a to the io key add6__a
2025-09-01 09:19:02,499 - pyiron_log - INFO - Assigning a channel with the label c to the io key macro140586522827552__c
2025-09-01 09:19:02,499 - pyiron_log - INFO - Assigning a channel with the label a to the io key add1140589514044720__a
2025-09-01 09:19:02,499 - pyiron_log - INFO - Assigning a channel with the label a to the io key add3140586522825248__a
2025-09-01 09:19:02,499 - pyiron_log - INFO - Assigning a channel with the label a to the io key add5__a
2025-09-01 09:19:02,499 - pyiron_log - INFO - Assigning a channel with the label a to the io key add6__a
2025-09-01 09:19:02,499 - pyiron_log - INFO - Assigning a channel with the label c to the io key macro140586522827552__c
2025-09-01 09:19:02,499 - pyiron_log - INFO - Assigning a channel with the label a to the io key add1140589514044720__a
2025-09-01 09:19:02,499 - pyiron_log - INFO - Assigning a channel with the label a to the io key add3140586522825248__a
2025-09-01 09:19:02,499 - pyiron_log - INFO - Assigning a channel with the label a to the io key add5__a
2025-09-01 09:19:02,499 - pyiron_log - INFO - Assigning a channel with the label a to the io key add6__a
2025-09-01 09:19:02,499 - pyiron_log - INFO - Assigning a channel with the label c to the io key macro140586522827552__c
2025-09-01 09:19:02,499 - pyiron_log - INFO - Assigning a channel with the label a to the io key add1140589514044720__a
2025-09-01 09:19:02,499 - pyiron_log - INFO - Assigning a channel with the label a to the io key add3140586522825248__a
2025-09-01 09:19:02,499 - pyiron_log - INFO - Assigning a channel with the label a to the io key add5__a
2025-09-01 09:19:02,499 - pyiron_log - INFO - Assigning a channel with the label a to the io key add6__a
2025-09-01 09:19:02,499 - pyiron_log - INFO - Assigning a channel with the label c to the io key macro140586522827552__c
2025-09-01 09:19:02,500 - pyiron_log - INFO - Assigning a channel with the label outp to the io key macro2__outp
2025-09-01 09:19:02,500 - pyiron_log - INFO - Assigning a channel with the label a+1 to the io key add4140586524468736__a+1
2025-09-01 09:19:48,914 - pyiron_log - INFO - Assigning a channel with the label a to the io key add1140589514044720__a
2025-09-01 09:19:48,914 - pyiron_log - INFO - Assigning a channel with the label a to the io key add3140586522825248__a
2025-09-01 09:19:48,915 - pyiron_log - INFO - Assigning a channel with the label a to the io key add5__a
2025-09-01 09:19:48,915 - pyiron_log - INFO - Assigning a channel with the label a to the io key add6__a
2025-09-01 09:19:48,915 - pyiron_log - INFO - Assigning a channel with the label c to the io key macro140586522827552__c
2025-09-01 09:19:48,915 - pyiron_log - INFO - Assigning a channel with the label a to the io key add1140589514044720__a
2025-09-01 09:19:48,915 - pyiron_log - INFO - Assigning a channel with the label a to the io key add3140586522825248__a
2025-09-01 09:19:48,915 - pyiron_log - INFO - Assigning a channel with the label a to the io key add5__a
2025-09-01 09:19:48,915 - pyiron_log - INFO - Assigning a channel with the label a to the io key add6__a
2025-09-01 09:19:48,915 - pyiron_log - INFO - Assigning a channel with the label c to the io key macro140586522827552__c
2025-09-01 09:19:48,915 - pyiron_log - INFO - Assigning a channel with the label a to the io key add1140589514044720__a
2025-09-01 09:19:48,915 - pyiron_log - INFO - Assigning a channel with the label a to the io key add3140586522825248__a
2025-09-01 09:19:48,915 - pyiron_log - INFO - Assigning a channel with the label a to the io key add5__a
2025-09-01 09:19:48,915 - pyiron_log - INFO - Assigning a channel with the label a to the io key add6__a
2025-09-01 09:19:48,915 - pyiron_log - INFO - Assigning a channel with the label c to the io key macro140586522827552__c
2025-09-01 09:19:48,915 - pyiron_log - INFO - Assigning a channel with the label a to the io key add1140589514044720__a
2025-09-01 09:19:48,915 - pyiron_log - INFO - Assigning a channel with the label a to the io key add3140586522825248__a
2025-09-01 09:19:48,915 - pyiron_log - INFO - Assigning a channel with the label a to the io key add5__a
2025-09-01 09:19:48,915 - pyiron_log - INFO - Assigning a channel with the label a to the io key add6__a
2025-09-01 09:19:48,915 - pyiron_log - INFO - Assigning a channel with the label c to the io key macro140586522827552__c
2025-09-01 09:19:48,915 - pyiron_log - INFO - Assigning a channel with the label a to the io key add1140589514044720__a
2025-09-01 09:19:48,915 - pyiron_log - INFO - Assigning a channel with the label a to the io key add3140586522825248__a
2025-09-01 09:19:48,915 - pyiron_log - INFO - Assigning a channel with the label a to the io key add5__a
2025-09-01 09:19:48,915 - pyiron_log - INFO - Assigning a channel with the label a to the io key add6__a
2025-09-01 09:19:48,915 - pyiron_log - INFO - Assigning a channel with the label c to the io key macro140586522827552__c
2025-09-01 09:19:48,915 - pyiron_log - INFO - Assigning a channel with the label a to the io key add1140589514044720__a
2025-09-01 09:19:48,915 - pyiron_log - INFO - Assigning a channel with the label a to the io key add3140586522825248__a
2025-09-01 09:19:48,915 - pyiron_log - INFO - Assigning a channel with the label a to the io key add5__a
2025-09-01 09:19:48,915 - pyiron_log - INFO - Assigning a channel with the label a to the io key add6__a
2025-09-01 09:19:48,915 - pyiron_log - INFO - Assigning a channel with the label c to the io key macro140586522827552__c
2025-09-01 09:19:48,916 - pyiron_log - INFO - Assigning a channel with the label outp to the io key macro2__outp
2025-09-01 09:19:48,916 - pyiron_log - INFO - Assigning a channel with the label a+1 to the io key add4140586524468736__a+1
2025-09-01 09:20:04,755 - pyiron_log - INFO - Assigning a channel with the label a to the io key add1140589514044720__a
2025-09-01 09:20:04,755 - pyiron_log - INFO - Assigning a channel with the label a to the io key add3140586522825248__a
2025-09-01 09:20:04,755 - pyiron_log - INFO - Assigning a channel with the label a to the io key add5__a
2025-09-01 09:20:04,755 - pyiron_log - INFO - Assigning a channel with the label a to the io key add6__a
2025-09-01 09:20:04,755 - pyiron_log - INFO - Assigning a channel with the label c to the io key macro140586522827552__c
2025-09-01 09:20:04,755 - pyiron_log - INFO - Assigning a channel with the label a to the io key add1140589514044720__a
2025-09-01 09:20:04,755 - pyiron_log - INFO - Assigning a channel with the label a to the io key add3140586522825248__a
2025-09-01 09:20:04,755 - pyiron_log - INFO - Assigning a channel with the label a to the io key add5__a
2025-09-01 09:20:04,755 - pyiron_log - INFO - Assigning a channel with the label a to the io key add6__a
2025-09-01 09:20:04,755 - pyiron_log - INFO - Assigning a channel with the label c to the io key macro140586522827552__c
2025-09-01 09:20:04,755 - pyiron_log - INFO - Assigning a channel with the label a to the io key add1140589514044720__a
2025-09-01 09:20:04,755 - pyiron_log - INFO - Assigning a channel with the label a to the io key add3140586522825248__a
2025-09-01 09:20:04,755 - pyiron_log - INFO - Assigning a channel with the label a to the io key add5__a
2025-09-01 09:20:04,755 - pyiron_log - INFO - Assigning a channel with the label a to the io key add6__a
2025-09-01 09:20:04,755 - pyiron_log - INFO - Assigning a channel with the label c to the io key macro140586522827552__c
2025-09-01 09:20:04,755 - pyiron_log - INFO - Assigning a channel with the label a to the io key add1140589514044720__a
2025-09-01 09:20:04,755 - pyiron_log - INFO - Assigning a channel with the label a to the io key add3140586522825248__a
2025-09-01 09:20:04,755 - pyiron_log - INFO - Assigning a channel with the label a to the io key add5__a
2025-09-01 09:20:04,755 - pyiron_log - INFO - Assigning a channel with the label a to the io key add6__a
2025-09-01 09:20:04,755 - pyiron_log - INFO - Assigning a channel with the label c to the io key macro140586522827552__c
2025-09-01 09:20:04,755 - pyiron_log - INFO - Assigning a channel with the label outp to the io key macro2__outp
2025-09-01 09:20:04,755 - pyiron_log - INFO - Assigning a channel with the label a+1 to the io key add4140586524468736__a+1
2025-09-01 09:20:07,712 - pyiron_log - INFO - Assigning a channel with the label a to the io key add1140589514044720__a
2025-09-01 09:20:07,712 - pyiron_log - INFO - Assigning a channel with the label a to the io key add3140586522825248__a
2025-09-01 09:20:07,712 - pyiron_log - INFO - Assigning a channel with the label a to the io key add5__a
2025-09-01 09:20:07,712 - pyiron_log - INFO - Assigning a channel with the label a to the io key add6__a
2025-09-01 09:20:07,712 - pyiron_log - INFO - Assigning a channel with the label c to the io key macro140586522827552__c
2025-09-01 09:20:07,712 - pyiron_log - INFO - Assigning a channel with the label a to the io key add1140589514044720__a
2025-09-01 09:20:07,713 - pyiron_log - INFO - Assigning a channel with the label a to the io key add3140586522825248__a
2025-09-01 09:20:07,713 - pyiron_log - INFO - Assigning a channel with the label a to the io key add5__a
2025-09-01 09:20:07,713 - pyiron_log - INFO - Assigning a channel with the label a to the io key add6__a
2025-09-01 09:20:07,713 - pyiron_log - INFO - Assigning a channel with the label c to the io key macro140586522827552__c
2025-09-01 09:20:07,713 - pyiron_log - INFO - Assigning a channel with the label a to the io key add1140589514044720__a
2025-09-01 09:20:07,713 - pyiron_log - INFO - Assigning a channel with the label a to the io key add3140586522825248__a
2025-09-01 09:20:07,713 - pyiron_log - INFO - Assigning a channel with the label a to the io key add5__a
2025-09-01 09:20:07,713 - pyiron_log - INFO - Assigning a channel with the label a to the io key add6__a
2025-09-01 09:20:07,713 - pyiron_log - INFO - Assigning a channel with the label c to the io key macro140586522827552__c
2025-09-01 09:20:07,713 - pyiron_log - INFO - Assigning a channel with the label a to the io key add1140589514044720__a
2025-09-01 09:20:07,713 - pyiron_log - INFO - Assigning a channel with the label a to the io key add3140586522825248__a
2025-09-01 09:20:07,713 - pyiron_log - INFO - Assigning a channel with the label a to the io key add5__a
2025-09-01 09:20:07,713 - pyiron_log - INFO - Assigning a channel with the label a to the io key add6__a
2025-09-01 09:20:07,713 - pyiron_log - INFO - Assigning a channel with the label c to the io key macro140586522827552__c
2025-09-01 09:20:07,713 - pyiron_log - INFO - Assigning a channel with the label outp to the io key macro2__outp
2025-09-01 09:20:07,713 - pyiron_log - INFO - Assigning a channel with the label a+1 to the io key add4140586524468736__a+1
2025-09-01 09:49:03,301 - pyiron_log - INFO - Assigning a channel with the label a to the io key add1140007905247456__a
2025-09-01 09:49:03,302 - pyiron_log - INFO - Assigning a channel with the label a to the io key add3140007903024800__a
2025-09-01 09:49:03,302 - pyiron_log - INFO - Assigning a channel with the label a to the io key add5__a
2025-09-01 09:49:03,302 - pyiron_log - INFO - Assigning a channel with the label a to the io key add6__a
2025-09-01 09:49:03,302 - pyiron_log - INFO - Assigning a channel with the label c to the io key macro140007903027104__c
2025-09-01 09:49:03,302 - pyiron_log - INFO - Assigning a channel with the label a to the io key add1140007905247456__a
2025-09-01 09:49:03,302 - pyiron_log - INFO - Assigning a channel with the label a to the io key add3140007903024800__a
2025-09-01 09:49:03,302 - pyiron_log - INFO - Assigning a channel with the label a to the io key add5__a
2025-09-01 09:49:03,302 - pyiron_log - INFO - Assigning a channel with the label a to the io key add6__a
2025-09-01 09:49:03,302 - pyiron_log - INFO - Assigning a channel with the label c to the io key macro140007903027104__c
2025-09-01 09:49:03,302 - pyiron_log - INFO - Assigning a channel with the label a to the io key add1140007905247456__a
2025-09-01 09:49:03,302 - pyiron_log - INFO - Assigning a channel with the label a to the io key add3140007903024800__a
2025-09-01 09:49:03,302 - pyiron_log - INFO - Assigning a channel with the label a to the io key add5__a
2025-09-01 09:49:03,302 - pyiron_log - INFO - Assigning a channel with the label a to the io key add6__a
2025-09-01 09:49:03,302 - pyiron_log - INFO - Assigning a channel with the label c to the io key macro140007903027104__c
2025-09-01 09:49:03,302 - pyiron_log - INFO - Assigning a channel with the label a to the io key add1140007905247456__a
2025-09-01 09:49:03,303 - pyiron_log - INFO - Assigning a channel with the label a to the io key add3140007903024800__a
2025-09-01 09:49:03,303 - pyiron_log - INFO - Assigning a channel with the label a to the io key add5__a
2025-09-01 09:49:03,303 - pyiron_log - INFO - Assigning a channel with the label a to the io key add6__a
2025-09-01 09:49:03,303 - pyiron_log - INFO - Assigning a channel with the label c to the io key macro140007903027104__c
2025-09-01 09:49:03,303 - pyiron_log - INFO - Assigning a channel with the label a to the io key add1140007905247456__a
2025-09-01 09:49:03,303 - pyiron_log - INFO - Assigning a channel with the label a to the io key add3140007903024800__a
2025-09-01 09:49:03,303 - pyiron_log - INFO - Assigning a channel with the label a to the io key add5__a
2025-09-01 09:49:03,303 - pyiron_log - INFO - Assigning a channel with the label a to the io key add6__a
2025-09-01 09:49:03,303 - pyiron_log - INFO - Assigning a channel with the label c to the io key macro140007903027104__c
2025-09-01 09:49:03,303 - pyiron_log - INFO - Assigning a channel with the label a to the io key add1140007905247456__a
2025-09-01 09:49:03,303 - pyiron_log - INFO - Assigning a channel with the label a to the io key add3140007903024800__a
2025-09-01 09:49:03,303 - pyiron_log - INFO - Assigning a channel with the label a to the io key add5__a
2025-09-01 09:49:03,303 - pyiron_log - INFO - Assigning a channel with the label a to the io key add6__a
2025-09-01 09:49:03,303 - pyiron_log - INFO - Assigning a channel with the label c to the io key macro140007903027104__c
2025-09-01 09:49:03,303 - pyiron_log - INFO - Assigning a channel with the label outp to the io key macro2__outp
2025-09-01 09:49:03,303 - pyiron_log - INFO - Assigning a channel with the label a+1 to the io key add4140007903102400__a+1
2025-09-01 09:49:09,478 - pyiron_log - INFO - Assigning a channel with the label a to the io key add1140007905247456__a
2025-09-01 09:49:09,478 - pyiron_log - INFO - Assigning a channel with the label a to the io key add3140007903024800__a
2025-09-01 09:49:09,478 - pyiron_log - INFO - Assigning a channel with the label a to the io key add5__a
2025-09-01 09:49:09,478 - pyiron_log - INFO - Assigning a channel with the label a to the io key add6__a
2025-09-01 09:49:09,478 - pyiron_log - INFO - Assigning a channel with the label c to the io key macro140007903027104__c
2025-09-01 09:49:09,478 - pyiron_log - INFO - Assigning a channel with the label a to the io key add1140007905247456__a
2025-09-01 09:49:09,478 - pyiron_log - INFO - Assigning a channel with the label a to the io key add3140007903024800__a
2025-09-01 09:49:09,478 - pyiron_log - INFO - Assigning a channel with the label a to the io key add5__a
2025-09-01 09:49:09,479 - pyiron_log - INFO - Assigning a channel with the label a to the io key add6__a
2025-09-01 09:49:09,479 - pyiron_log - INFO - Assigning a channel with the label c to the io key macro140007903027104__c
2025-09-01 09:49:09,479 - pyiron_log - INFO - Assigning a channel with the label a to the io key add1140007905247456__a
2025-09-01 09:49:09,479 - pyiron_log - INFO - Assigning a channel with the label a to the io key add3140007903024800__a
2025-09-01 09:49:09,479 - pyiron_log - INFO - Assigning a channel with the label a to the io key add5__a
2025-09-01 09:49:09,479 - pyiron_log - INFO - Assigning a channel with the label a to the io key add6__a
2025-09-01 09:49:09,479 - pyiron_log - INFO - Assigning a channel with the label c to the io key macro140007903027104__c
2025-09-01 09:49:09,479 - pyiron_log - INFO - Assigning a channel with the label a to the io key add1140007905247456__a
2025-09-01 09:49:09,479 - pyiron_log - INFO - Assigning a channel with the label a to the io key add3140007903024800__a
2025-09-01 09:49:09,479 - pyiron_log - INFO - Assigning a channel with the label a to the io key add5__a
2025-09-01 09:49:09,479 - pyiron_log - INFO - Assigning a channel with the label a to the io key add6__a
2025-09-01 09:49:09,479 - pyiron_log - INFO - Assigning a channel with the label c to the io key macro140007903027104__c
2025-09-01 09:49:09,479 - pyiron_log - INFO - Assigning a channel with the label outp to the io key macro2__outp
2025-09-01 09:49:09,479 - pyiron_log - INFO - Assigning a channel with the label a+1 to the io key add4140007903102400__a+1
